   0  $accept : programa $end

   1  programa : IDENTIFICADOR_GENERICO BEGIN sentencias END

   2  sentencias : sentencias sentencia
   3             | sentencia

   4  sentencia : sentencia_declarativa
   5            | sentencia_ejecutable

   6  sentencia_declarativa : tipo lista_de_identificadores PUNTO_Y_COMA
   7                        | funcion
   8                        | struct PUNTO_Y_COMA

   9  struct : TYPEDEF STRUCT MENOR lista_de_tipos MAYOR CORCHETE_L lista_de_identificadores CORCHETE_R IDENTIFICADOR_GENERICO

  10  tipo : ULONGINT
  11       | SINGLE

  12  lista_de_tipos : lista_de_tipos COMA tipo
  13                 | tipo

  14  lista_de_identificadores : lista_de_identificadores COMA identificador
  15                           | identificador

  16  identificador : identificador_simple
  17                | identificador_compuesto

  18  identificador_simple : IDENTIFICADOR_GENERICO
  19                       | IDENTIFICADOR_ULONGINT
  20                       | IDENTIFICADOR_SINGLE

  21  identificador_compuesto : identificador_simple PUNTO identificador_compuesto
  22                          | identificador_simple PUNTO identificador_simple

  23  funcion : encabezado_funcion BEGIN cuerpo_funcion END

  24  encabezado_funcion : tipo FUN IDENTIFICADOR_GENERICO PARENTESIS_L parametro PARENTESIS_R

  25  parametro : tipo identificador

  26  cuerpo_funcion : sentencias sentencia_retorno sentencias
  27                 | sentencias sentencia_retorno
  28                 | sentencia_retorno

  29  sentencia_retorno : RET PARENTESIS_L expresion PARENTESIS_R PUNTO_Y_COMA

  30  sentencia_ejecutable : sentencia_asignacion PUNTO_Y_COMA
  31                       | sentencia_seleccion PUNTO_Y_COMA
  32                       | sentencia_salida PUNTO_Y_COMA
  33                       | sentencia_control

  34  sentencia_asignacion : lista_de_identificadores ASIGNACION lista_de_expresiones

  35  sentencia_seleccion : IF PARENTESIS_L condicion PARENTESIS_R THEN cuerpo_if END_IF

  36  cuerpo_if : bloque_de_sent_ejecutables bloque_else
  37            | bloque_de_sent_ejecutables

  38  bloque_else : ELSE bloque_de_sent_ejecutables

  39  condicion : expresion comparador expresion

  40  comparador : MAYOR
  41             | MENOR
  42             | MAYOR_O_IGUAL
  43             | MENOR_O_IGUAL
  44             | IGUAL
  45             | DESIGUAL

  46  bloque_de_sent_ejecutables : BEGIN sentencias_ejecutables END PUNTO_Y_COMA
  47                             | sentencia_ejecutable

  48  sentencias_ejecutables : sentencias_ejecutables sentencia_ejecutable
  49                         | sentencia_ejecutable

  50  sentencia_salida : OUTF PARENTESIS_L INLINE_STRING PARENTESIS_R
  51                   | OUTF PARENTESIS_L expresion PARENTESIS_R

  52  sentencia_control : encabezado_for bloque_de_sent_ejecutables

  53  encabezado_for : FOR PARENTESIS_L asignacion_enteros PUNTO_Y_COMA condicion PUNTO_Y_COMA accion PARENTESIS_R

  54  asignacion_enteros : identificador ASIGNACION CONSTANTE_DECIMAL
  55                     | identificador ASIGNACION CONSTANTE_OCTAL

  56  accion : UP CONSTANTE_DECIMAL
  57         | UP CONSTANTE_OCTAL
  58         | DOWN CONSTANTE_OCTAL
  59         | DOWN CONSTANTE_DECIMAL

  60  lista_de_expresiones : lista_de_expresiones COMA expresion
  61                       | expresion

  62  expresion : TOS PARENTESIS_L expresion_aritmetica PARENTESIS_R
  63            | expresion_aritmetica

  64  expresion_aritmetica : expresion SUMA termino
  65                       | expresion RESTA termino
  66                       | termino

  67  termino : termino MULTIPLICACION factor
  68          | termino DIVISION factor
  69          | factor

  70  factor : identificador
  71         | CONSTANTE_DECIMAL
  72         | CONSTANTE_OCTAL
  73         | CONSTANTE_SINGLE
  74         | invocacion_a_funcion

  75  invocacion_a_funcion : IDENTIFICADOR_GENERICO PARENTESIS_L parametro_real PARENTESIS_R

  76  parametro_real : expresion

state 0
	$accept : . programa $end  (0)

	IDENTIFICADOR_GENERICO  shift 1
	.  error

	programa  goto 2


state 1
	programa : IDENTIFICADOR_GENERICO . BEGIN sentencias END  (1)

	BEGIN  shift 3
	.  error


state 2
	$accept : programa . $end  (0)

	$end  accept


state 3
	programa : IDENTIFICADOR_GENERICO BEGIN . sentencias END  (1)

	IDENTIFICADOR_GENERICO  shift 4
	IDENTIFICADOR_ULONGINT  shift 5
	IDENTIFICADOR_SINGLE  shift 6
	FOR  shift 7
	SINGLE  shift 8
	ULONGINT  shift 9
	IF  shift 10
	OUTF  shift 11
	TYPEDEF  shift 12
	.  error

	sentencias  goto 13
	sentencia  goto 14
	sentencia_declarativa  goto 15
	sentencia_ejecutable  goto 16
	tipo  goto 17
	lista_de_identificadores  goto 18
	funcion  goto 19
	struct  goto 20
	identificador  goto 21
	identificador_simple  goto 22
	identificador_compuesto  goto 23
	encabezado_funcion  goto 24
	sentencia_asignacion  goto 25
	sentencia_seleccion  goto 26
	sentencia_salida  goto 27
	sentencia_control  goto 28
	encabezado_for  goto 29


state 4
	identificador_simple : IDENTIFICADOR_GENERICO .  (18)

	.  reduce 18


state 5
	identificador_simple : IDENTIFICADOR_ULONGINT .  (19)

	.  reduce 19


state 6
	identificador_simple : IDENTIFICADOR_SINGLE .  (20)

	.  reduce 20


state 7
	encabezado_for : FOR . PARENTESIS_L asignacion_enteros PUNTO_Y_COMA condicion PUNTO_Y_COMA accion PARENTESIS_R  (53)

	PARENTESIS_L  shift 30
	.  error


state 8
	tipo : SINGLE .  (11)

	.  reduce 11


state 9
	tipo : ULONGINT .  (10)

	.  reduce 10


state 10
	sentencia_seleccion : IF . PARENTESIS_L condicion PARENTESIS_R THEN cuerpo_if END_IF  (35)

	PARENTESIS_L  shift 31
	.  error


state 11
	sentencia_salida : OUTF . PARENTESIS_L INLINE_STRING PARENTESIS_R  (50)
	sentencia_salida : OUTF . PARENTESIS_L expresion PARENTESIS_R  (51)

	PARENTESIS_L  shift 32
	.  error


state 12
	struct : TYPEDEF . STRUCT MENOR lista_de_tipos MAYOR CORCHETE_L lista_de_identificadores CORCHETE_R IDENTIFICADOR_GENERICO  (9)

	STRUCT  shift 33
	.  error


state 13
	programa : IDENTIFICADOR_GENERICO BEGIN sentencias . END  (1)
	sentencias : sentencias . sentencia  (2)

	IDENTIFICADOR_GENERICO  shift 4
	IDENTIFICADOR_ULONGINT  shift 5
	IDENTIFICADOR_SINGLE  shift 6
	FOR  shift 7
	SINGLE  shift 8
	ULONGINT  shift 9
	IF  shift 10
	END  shift 34
	OUTF  shift 11
	TYPEDEF  shift 12
	.  error

	sentencia  goto 35
	sentencia_declarativa  goto 15
	sentencia_ejecutable  goto 16
	tipo  goto 17
	lista_de_identificadores  goto 18
	funcion  goto 19
	struct  goto 20
	identificador  goto 21
	identificador_simple  goto 22
	identificador_compuesto  goto 23
	encabezado_funcion  goto 24
	sentencia_asignacion  goto 25
	sentencia_seleccion  goto 26
	sentencia_salida  goto 27
	sentencia_control  goto 28
	encabezado_for  goto 29


state 14
	sentencias : sentencia .  (3)

	.  reduce 3


state 15
	sentencia : sentencia_declarativa .  (4)

	.  reduce 4


state 16
	sentencia : sentencia_ejecutable .  (5)

	.  reduce 5


state 17
	sentencia_declarativa : tipo . lista_de_identificadores PUNTO_Y_COMA  (6)
	encabezado_funcion : tipo . FUN IDENTIFICADOR_GENERICO PARENTESIS_L parametro PARENTESIS_R  (24)

	IDENTIFICADOR_GENERICO  shift 4
	IDENTIFICADOR_ULONGINT  shift 5
	IDENTIFICADOR_SINGLE  shift 6
	FUN  shift 36
	.  error

	lista_de_identificadores  goto 37
	identificador  goto 21
	identificador_simple  goto 22
	identificador_compuesto  goto 23


state 18
	lista_de_identificadores : lista_de_identificadores . COMA identificador  (14)
	sentencia_asignacion : lista_de_identificadores . ASIGNACION lista_de_expresiones  (34)

	ASIGNACION  shift 38
	COMA  shift 39
	.  error


state 19
	sentencia_declarativa : funcion .  (7)

	.  reduce 7


state 20
	sentencia_declarativa : struct . PUNTO_Y_COMA  (8)

	PUNTO_Y_COMA  shift 40
	.  error


state 21
	lista_de_identificadores : identificador .  (15)

	.  reduce 15


state 22
	identificador : identificador_simple .  (16)
	identificador_compuesto : identificador_simple . PUNTO identificador_compuesto  (21)
	identificador_compuesto : identificador_simple . PUNTO identificador_simple  (22)

	PUNTO  shift 41
	SUMA  reduce 16
	RESTA  reduce 16
	MULTIPLICACION  reduce 16
	DIVISION  reduce 16
	ASIGNACION  reduce 16
	MAYOR_O_IGUAL  reduce 16
	MENOR_O_IGUAL  reduce 16
	MAYOR  reduce 16
	MENOR  reduce 16
	IGUAL  reduce 16
	DESIGUAL  reduce 16
	CORCHETE_R  reduce 16
	PARENTESIS_R  reduce 16
	COMA  reduce 16
	PUNTO_Y_COMA  reduce 16


state 23
	identificador : identificador_compuesto .  (17)

	.  reduce 17


state 24
	funcion : encabezado_funcion . BEGIN cuerpo_funcion END  (23)

	BEGIN  shift 42
	.  error


state 25
	sentencia_ejecutable : sentencia_asignacion . PUNTO_Y_COMA  (30)

	PUNTO_Y_COMA  shift 43
	.  error


state 26
	sentencia_ejecutable : sentencia_seleccion . PUNTO_Y_COMA  (31)

	PUNTO_Y_COMA  shift 44
	.  error


state 27
	sentencia_ejecutable : sentencia_salida . PUNTO_Y_COMA  (32)

	PUNTO_Y_COMA  shift 45
	.  error


state 28
	sentencia_ejecutable : sentencia_control .  (33)

	.  reduce 33


state 29
	sentencia_control : encabezado_for . bloque_de_sent_ejecutables  (52)

	IDENTIFICADOR_GENERICO  shift 4
	IDENTIFICADOR_ULONGINT  shift 5
	IDENTIFICADOR_SINGLE  shift 6
	FOR  shift 7
	IF  shift 10
	BEGIN  shift 46
	OUTF  shift 11
	.  error

	sentencia_ejecutable  goto 47
	lista_de_identificadores  goto 18
	identificador  goto 21
	identificador_simple  goto 22
	identificador_compuesto  goto 23
	sentencia_asignacion  goto 25
	sentencia_seleccion  goto 26
	sentencia_salida  goto 27
	sentencia_control  goto 28
	bloque_de_sent_ejecutables  goto 48
	encabezado_for  goto 29


state 30
	encabezado_for : FOR PARENTESIS_L . asignacion_enteros PUNTO_Y_COMA condicion PUNTO_Y_COMA accion PARENTESIS_R  (53)

	IDENTIFICADOR_GENERICO  shift 4
	IDENTIFICADOR_ULONGINT  shift 5
	IDENTIFICADOR_SINGLE  shift 6
	.  error

	identificador  goto 49
	identificador_simple  goto 22
	identificador_compuesto  goto 23
	asignacion_enteros  goto 50


state 31
	sentencia_seleccion : IF PARENTESIS_L . condicion PARENTESIS_R THEN cuerpo_if END_IF  (35)

	IDENTIFICADOR_GENERICO  shift 51
	IDENTIFICADOR_ULONGINT  shift 5
	IDENTIFICADOR_SINGLE  shift 6
	CONSTANTE_DECIMAL  shift 52
	CONSTANTE_OCTAL  shift 53
	CONSTANTE_SINGLE  shift 54
	TOS  shift 55
	.  error

	identificador  goto 56
	identificador_simple  goto 22
	identificador_compuesto  goto 23
	expresion  goto 57
	condicion  goto 58
	expresion_aritmetica  goto 59
	termino  goto 60
	factor  goto 61
	invocacion_a_funcion  goto 62


state 32
	sentencia_salida : OUTF PARENTESIS_L . INLINE_STRING PARENTESIS_R  (50)
	sentencia_salida : OUTF PARENTESIS_L . expresion PARENTESIS_R  (51)

	IDENTIFICADOR_GENERICO  shift 51
	IDENTIFICADOR_ULONGINT  shift 5
	IDENTIFICADOR_SINGLE  shift 6
	CONSTANTE_DECIMAL  shift 52
	CONSTANTE_OCTAL  shift 53
	CONSTANTE_SINGLE  shift 54
	INLINE_STRING  shift 63
	TOS  shift 55
	.  error

	identificador  goto 56
	identificador_simple  goto 22
	identificador_compuesto  goto 23
	expresion  goto 64
	expresion_aritmetica  goto 59
	termino  goto 60
	factor  goto 61
	invocacion_a_funcion  goto 62


state 33
	struct : TYPEDEF STRUCT . MENOR lista_de_tipos MAYOR CORCHETE_L lista_de_identificadores CORCHETE_R IDENTIFICADOR_GENERICO  (9)

	MENOR  shift 65
	.  error


state 34
	programa : IDENTIFICADOR_GENERICO BEGIN sentencias END .  (1)

	.  reduce 1


state 35
	sentencias : sentencias sentencia .  (2)

	.  reduce 2


state 36
	encabezado_funcion : tipo FUN . IDENTIFICADOR_GENERICO PARENTESIS_L parametro PARENTESIS_R  (24)

	IDENTIFICADOR_GENERICO  shift 66
	.  error


state 37
	sentencia_declarativa : tipo lista_de_identificadores . PUNTO_Y_COMA  (6)
	lista_de_identificadores : lista_de_identificadores . COMA identificador  (14)

	COMA  shift 39
	PUNTO_Y_COMA  shift 67
	.  error


state 38
	sentencia_asignacion : lista_de_identificadores ASIGNACION . lista_de_expresiones  (34)

	IDENTIFICADOR_GENERICO  shift 51
	IDENTIFICADOR_ULONGINT  shift 5
	IDENTIFICADOR_SINGLE  shift 6
	CONSTANTE_DECIMAL  shift 52
	CONSTANTE_OCTAL  shift 53
	CONSTANTE_SINGLE  shift 54
	TOS  shift 55
	.  error

	identificador  goto 56
	identificador_simple  goto 22
	identificador_compuesto  goto 23
	expresion  goto 68
	lista_de_expresiones  goto 69
	expresion_aritmetica  goto 59
	termino  goto 60
	factor  goto 61
	invocacion_a_funcion  goto 62


state 39
	lista_de_identificadores : lista_de_identificadores COMA . identificador  (14)

	IDENTIFICADOR_GENERICO  shift 4
	IDENTIFICADOR_ULONGINT  shift 5
	IDENTIFICADOR_SINGLE  shift 6
	.  error

	identificador  goto 70
	identificador_simple  goto 22
	identificador_compuesto  goto 23


state 40
	sentencia_declarativa : struct PUNTO_Y_COMA .  (8)

	.  reduce 8


state 41
	identificador_compuesto : identificador_simple PUNTO . identificador_compuesto  (21)
	identificador_compuesto : identificador_simple PUNTO . identificador_simple  (22)

	IDENTIFICADOR_GENERICO  shift 4
	IDENTIFICADOR_ULONGINT  shift 5
	IDENTIFICADOR_SINGLE  shift 6
	.  error

	identificador_simple  goto 71
	identificador_compuesto  goto 72


state 42
	funcion : encabezado_funcion BEGIN . cuerpo_funcion END  (23)

	IDENTIFICADOR_GENERICO  shift 4
	IDENTIFICADOR_ULONGINT  shift 5
	IDENTIFICADOR_SINGLE  shift 6
	FOR  shift 7
	SINGLE  shift 8
	ULONGINT  shift 9
	IF  shift 10
	OUTF  shift 11
	TYPEDEF  shift 12
	RET  shift 73
	.  error

	sentencias  goto 74
	sentencia  goto 14
	sentencia_declarativa  goto 15
	sentencia_ejecutable  goto 16
	tipo  goto 17
	lista_de_identificadores  goto 18
	funcion  goto 19
	struct  goto 20
	identificador  goto 21
	identificador_simple  goto 22
	identificador_compuesto  goto 23
	encabezado_funcion  goto 24
	cuerpo_funcion  goto 75
	sentencia_retorno  goto 76
	sentencia_asignacion  goto 25
	sentencia_seleccion  goto 26
	sentencia_salida  goto 27
	sentencia_control  goto 28
	encabezado_for  goto 29


state 43
	sentencia_ejecutable : sentencia_asignacion PUNTO_Y_COMA .  (30)

	.  reduce 30


state 44
	sentencia_ejecutable : sentencia_seleccion PUNTO_Y_COMA .  (31)

	.  reduce 31


state 45
	sentencia_ejecutable : sentencia_salida PUNTO_Y_COMA .  (32)

	.  reduce 32


state 46
	bloque_de_sent_ejecutables : BEGIN . sentencias_ejecutables END PUNTO_Y_COMA  (46)

	IDENTIFICADOR_GENERICO  shift 4
	IDENTIFICADOR_ULONGINT  shift 5
	IDENTIFICADOR_SINGLE  shift 6
	FOR  shift 7
	IF  shift 10
	OUTF  shift 11
	.  error

	sentencia_ejecutable  goto 77
	lista_de_identificadores  goto 18
	identificador  goto 21
	identificador_simple  goto 22
	identificador_compuesto  goto 23
	sentencia_asignacion  goto 25
	sentencia_seleccion  goto 26
	sentencia_salida  goto 27
	sentencia_control  goto 28
	sentencias_ejecutables  goto 78
	encabezado_for  goto 29


state 47
	bloque_de_sent_ejecutables : sentencia_ejecutable .  (47)

	.  reduce 47


state 48
	sentencia_control : encabezado_for bloque_de_sent_ejecutables .  (52)

	.  reduce 52


state 49
	asignacion_enteros : identificador . ASIGNACION CONSTANTE_DECIMAL  (54)
	asignacion_enteros : identificador . ASIGNACION CONSTANTE_OCTAL  (55)

	ASIGNACION  shift 79
	.  error


state 50
	encabezado_for : FOR PARENTESIS_L asignacion_enteros . PUNTO_Y_COMA condicion PUNTO_Y_COMA accion PARENTESIS_R  (53)

	PUNTO_Y_COMA  shift 80
	.  error


state 51
	identificador_simple : IDENTIFICADOR_GENERICO .  (18)
	invocacion_a_funcion : IDENTIFICADOR_GENERICO . PARENTESIS_L parametro_real PARENTESIS_R  (75)

	PARENTESIS_L  shift 81
	SUMA  reduce 18
	RESTA  reduce 18
	MULTIPLICACION  reduce 18
	DIVISION  reduce 18
	MAYOR_O_IGUAL  reduce 18
	MENOR_O_IGUAL  reduce 18
	MAYOR  reduce 18
	MENOR  reduce 18
	IGUAL  reduce 18
	DESIGUAL  reduce 18
	PARENTESIS_R  reduce 18
	COMA  reduce 18
	PUNTO  reduce 18
	PUNTO_Y_COMA  reduce 18


state 52
	factor : CONSTANTE_DECIMAL .  (71)

	.  reduce 71


state 53
	factor : CONSTANTE_OCTAL .  (72)

	.  reduce 72


state 54
	factor : CONSTANTE_SINGLE .  (73)

	.  reduce 73


state 55
	expresion : TOS . PARENTESIS_L expresion_aritmetica PARENTESIS_R  (62)

	PARENTESIS_L  shift 82
	.  error


state 56
	factor : identificador .  (70)

	.  reduce 70


state 57
	condicion : expresion . comparador expresion  (39)
	expresion_aritmetica : expresion . SUMA termino  (64)
	expresion_aritmetica : expresion . RESTA termino  (65)

	SUMA  shift 83
	RESTA  shift 84
	MAYOR_O_IGUAL  shift 85
	MENOR_O_IGUAL  shift 86
	MAYOR  shift 87
	MENOR  shift 88
	IGUAL  shift 89
	DESIGUAL  shift 90
	.  error

	comparador  goto 91


state 58
	sentencia_seleccion : IF PARENTESIS_L condicion . PARENTESIS_R THEN cuerpo_if END_IF  (35)

	PARENTESIS_R  shift 92
	.  error


state 59
	expresion : expresion_aritmetica .  (63)

	.  reduce 63


state 60
	expresion_aritmetica : termino .  (66)
	termino : termino . MULTIPLICACION factor  (67)
	termino : termino . DIVISION factor  (68)

	MULTIPLICACION  shift 93
	DIVISION  shift 94
	SUMA  reduce 66
	RESTA  reduce 66
	MAYOR_O_IGUAL  reduce 66
	MENOR_O_IGUAL  reduce 66
	MAYOR  reduce 66
	MENOR  reduce 66
	IGUAL  reduce 66
	DESIGUAL  reduce 66
	PARENTESIS_R  reduce 66
	COMA  reduce 66
	PUNTO_Y_COMA  reduce 66


state 61
	termino : factor .  (69)

	.  reduce 69


state 62
	factor : invocacion_a_funcion .  (74)

	.  reduce 74


state 63
	sentencia_salida : OUTF PARENTESIS_L INLINE_STRING . PARENTESIS_R  (50)

	PARENTESIS_R  shift 95
	.  error


state 64
	sentencia_salida : OUTF PARENTESIS_L expresion . PARENTESIS_R  (51)
	expresion_aritmetica : expresion . SUMA termino  (64)
	expresion_aritmetica : expresion . RESTA termino  (65)

	SUMA  shift 83
	RESTA  shift 84
	PARENTESIS_R  shift 96
	.  error


state 65
	struct : TYPEDEF STRUCT MENOR . lista_de_tipos MAYOR CORCHETE_L lista_de_identificadores CORCHETE_R IDENTIFICADOR_GENERICO  (9)

	SINGLE  shift 8
	ULONGINT  shift 9
	.  error

	tipo  goto 97
	lista_de_tipos  goto 98


state 66
	encabezado_funcion : tipo FUN IDENTIFICADOR_GENERICO . PARENTESIS_L parametro PARENTESIS_R  (24)

	PARENTESIS_L  shift 99
	.  error


state 67
	sentencia_declarativa : tipo lista_de_identificadores PUNTO_Y_COMA .  (6)

	.  reduce 6


state 68
	lista_de_expresiones : expresion .  (61)
	expresion_aritmetica : expresion . SUMA termino  (64)
	expresion_aritmetica : expresion . RESTA termino  (65)

	SUMA  shift 83
	RESTA  shift 84
	COMA  reduce 61
	PUNTO_Y_COMA  reduce 61


state 69
	sentencia_asignacion : lista_de_identificadores ASIGNACION lista_de_expresiones .  (34)
	lista_de_expresiones : lista_de_expresiones . COMA expresion  (60)

	COMA  shift 100
	PUNTO_Y_COMA  reduce 34


state 70
	lista_de_identificadores : lista_de_identificadores COMA identificador .  (14)

	.  reduce 14


state 71
	identificador_compuesto : identificador_simple . PUNTO identificador_compuesto  (21)
	identificador_compuesto : identificador_simple . PUNTO identificador_simple  (22)
	identificador_compuesto : identificador_simple PUNTO identificador_simple .  (22)

	PUNTO  shift 41
	SUMA  reduce 22
	RESTA  reduce 22
	MULTIPLICACION  reduce 22
	DIVISION  reduce 22
	ASIGNACION  reduce 22
	MAYOR_O_IGUAL  reduce 22
	MENOR_O_IGUAL  reduce 22
	MAYOR  reduce 22
	MENOR  reduce 22
	IGUAL  reduce 22
	DESIGUAL  reduce 22
	CORCHETE_R  reduce 22
	PARENTESIS_R  reduce 22
	COMA  reduce 22
	PUNTO_Y_COMA  reduce 22


state 72
	identificador_compuesto : identificador_simple PUNTO identificador_compuesto .  (21)

	.  reduce 21


state 73
	sentencia_retorno : RET . PARENTESIS_L expresion PARENTESIS_R PUNTO_Y_COMA  (29)

	PARENTESIS_L  shift 101
	.  error


state 74
	sentencias : sentencias . sentencia  (2)
	cuerpo_funcion : sentencias . sentencia_retorno sentencias  (26)
	cuerpo_funcion : sentencias . sentencia_retorno  (27)

	IDENTIFICADOR_GENERICO  shift 4
	IDENTIFICADOR_ULONGINT  shift 5
	IDENTIFICADOR_SINGLE  shift 6
	FOR  shift 7
	SINGLE  shift 8
	ULONGINT  shift 9
	IF  shift 10
	OUTF  shift 11
	TYPEDEF  shift 12
	RET  shift 73
	.  error

	sentencia  goto 35
	sentencia_declarativa  goto 15
	sentencia_ejecutable  goto 16
	tipo  goto 17
	lista_de_identificadores  goto 18
	funcion  goto 19
	struct  goto 20
	identificador  goto 21
	identificador_simple  goto 22
	identificador_compuesto  goto 23
	encabezado_funcion  goto 24
	sentencia_retorno  goto 102
	sentencia_asignacion  goto 25
	sentencia_seleccion  goto 26
	sentencia_salida  goto 27
	sentencia_control  goto 28
	encabezado_for  goto 29


state 75
	funcion : encabezado_funcion BEGIN cuerpo_funcion . END  (23)

	END  shift 103
	.  error


state 76
	cuerpo_funcion : sentencia_retorno .  (28)

	.  reduce 28


state 77
	sentencias_ejecutables : sentencia_ejecutable .  (49)

	.  reduce 49


state 78
	bloque_de_sent_ejecutables : BEGIN sentencias_ejecutables . END PUNTO_Y_COMA  (46)
	sentencias_ejecutables : sentencias_ejecutables . sentencia_ejecutable  (48)

	IDENTIFICADOR_GENERICO  shift 4
	IDENTIFICADOR_ULONGINT  shift 5
	IDENTIFICADOR_SINGLE  shift 6
	FOR  shift 7
	IF  shift 10
	END  shift 104
	OUTF  shift 11
	.  error

	sentencia_ejecutable  goto 105
	lista_de_identificadores  goto 18
	identificador  goto 21
	identificador_simple  goto 22
	identificador_compuesto  goto 23
	sentencia_asignacion  goto 25
	sentencia_seleccion  goto 26
	sentencia_salida  goto 27
	sentencia_control  goto 28
	encabezado_for  goto 29


state 79
	asignacion_enteros : identificador ASIGNACION . CONSTANTE_DECIMAL  (54)
	asignacion_enteros : identificador ASIGNACION . CONSTANTE_OCTAL  (55)

	CONSTANTE_DECIMAL  shift 106
	CONSTANTE_OCTAL  shift 107
	.  error


state 80
	encabezado_for : FOR PARENTESIS_L asignacion_enteros PUNTO_Y_COMA . condicion PUNTO_Y_COMA accion PARENTESIS_R  (53)

	IDENTIFICADOR_GENERICO  shift 51
	IDENTIFICADOR_ULONGINT  shift 5
	IDENTIFICADOR_SINGLE  shift 6
	CONSTANTE_DECIMAL  shift 52
	CONSTANTE_OCTAL  shift 53
	CONSTANTE_SINGLE  shift 54
	TOS  shift 55
	.  error

	identificador  goto 56
	identificador_simple  goto 22
	identificador_compuesto  goto 23
	expresion  goto 57
	condicion  goto 108
	expresion_aritmetica  goto 59
	termino  goto 60
	factor  goto 61
	invocacion_a_funcion  goto 62


state 81
	invocacion_a_funcion : IDENTIFICADOR_GENERICO PARENTESIS_L . parametro_real PARENTESIS_R  (75)

	IDENTIFICADOR_GENERICO  shift 51
	IDENTIFICADOR_ULONGINT  shift 5
	IDENTIFICADOR_SINGLE  shift 6
	CONSTANTE_DECIMAL  shift 52
	CONSTANTE_OCTAL  shift 53
	CONSTANTE_SINGLE  shift 54
	TOS  shift 55
	.  error

	identificador  goto 56
	identificador_simple  goto 22
	identificador_compuesto  goto 23
	expresion  goto 109
	expresion_aritmetica  goto 59
	termino  goto 60
	factor  goto 61
	invocacion_a_funcion  goto 62
	parametro_real  goto 110


state 82
	expresion : TOS PARENTESIS_L . expresion_aritmetica PARENTESIS_R  (62)

	IDENTIFICADOR_GENERICO  shift 51
	IDENTIFICADOR_ULONGINT  shift 5
	IDENTIFICADOR_SINGLE  shift 6
	CONSTANTE_DECIMAL  shift 52
	CONSTANTE_OCTAL  shift 53
	CONSTANTE_SINGLE  shift 54
	TOS  shift 55
	.  error

	identificador  goto 56
	identificador_simple  goto 22
	identificador_compuesto  goto 23
	expresion  goto 111
	expresion_aritmetica  goto 112
	termino  goto 60
	factor  goto 61
	invocacion_a_funcion  goto 62


state 83
	expresion_aritmetica : expresion SUMA . termino  (64)

	IDENTIFICADOR_GENERICO  shift 51
	IDENTIFICADOR_ULONGINT  shift 5
	IDENTIFICADOR_SINGLE  shift 6
	CONSTANTE_DECIMAL  shift 52
	CONSTANTE_OCTAL  shift 53
	CONSTANTE_SINGLE  shift 54
	.  error

	identificador  goto 56
	identificador_simple  goto 22
	identificador_compuesto  goto 23
	termino  goto 113
	factor  goto 61
	invocacion_a_funcion  goto 62


state 84
	expresion_aritmetica : expresion RESTA . termino  (65)

	IDENTIFICADOR_GENERICO  shift 51
	IDENTIFICADOR_ULONGINT  shift 5
	IDENTIFICADOR_SINGLE  shift 6
	CONSTANTE_DECIMAL  shift 52
	CONSTANTE_OCTAL  shift 53
	CONSTANTE_SINGLE  shift 54
	.  error

	identificador  goto 56
	identificador_simple  goto 22
	identificador_compuesto  goto 23
	termino  goto 114
	factor  goto 61
	invocacion_a_funcion  goto 62


state 85
	comparador : MAYOR_O_IGUAL .  (42)

	.  reduce 42


state 86
	comparador : MENOR_O_IGUAL .  (43)

	.  reduce 43


state 87
	comparador : MAYOR .  (40)

	.  reduce 40


state 88
	comparador : MENOR .  (41)

	.  reduce 41


state 89
	comparador : IGUAL .  (44)

	.  reduce 44


state 90
	comparador : DESIGUAL .  (45)

	.  reduce 45


state 91
	condicion : expresion comparador . expresion  (39)

	IDENTIFICADOR_GENERICO  shift 51
	IDENTIFICADOR_ULONGINT  shift 5
	IDENTIFICADOR_SINGLE  shift 6
	CONSTANTE_DECIMAL  shift 52
	CONSTANTE_OCTAL  shift 53
	CONSTANTE_SINGLE  shift 54
	TOS  shift 55
	.  error

	identificador  goto 56
	identificador_simple  goto 22
	identificador_compuesto  goto 23
	expresion  goto 115
	expresion_aritmetica  goto 59
	termino  goto 60
	factor  goto 61
	invocacion_a_funcion  goto 62


state 92
	sentencia_seleccion : IF PARENTESIS_L condicion PARENTESIS_R . THEN cuerpo_if END_IF  (35)

	THEN  shift 116
	.  error


state 93
	termino : termino MULTIPLICACION . factor  (67)

	IDENTIFICADOR_GENERICO  shift 51
	IDENTIFICADOR_ULONGINT  shift 5
	IDENTIFICADOR_SINGLE  shift 6
	CONSTANTE_DECIMAL  shift 52
	CONSTANTE_OCTAL  shift 53
	CONSTANTE_SINGLE  shift 54
	.  error

	identificador  goto 56
	identificador_simple  goto 22
	identificador_compuesto  goto 23
	factor  goto 117
	invocacion_a_funcion  goto 62


state 94
	termino : termino DIVISION . factor  (68)

	IDENTIFICADOR_GENERICO  shift 51
	IDENTIFICADOR_ULONGINT  shift 5
	IDENTIFICADOR_SINGLE  shift 6
	CONSTANTE_DECIMAL  shift 52
	CONSTANTE_OCTAL  shift 53
	CONSTANTE_SINGLE  shift 54
	.  error

	identificador  goto 56
	identificador_simple  goto 22
	identificador_compuesto  goto 23
	factor  goto 118
	invocacion_a_funcion  goto 62


state 95
	sentencia_salida : OUTF PARENTESIS_L INLINE_STRING PARENTESIS_R .  (50)

	.  reduce 50


state 96
	sentencia_salida : OUTF PARENTESIS_L expresion PARENTESIS_R .  (51)

	.  reduce 51


state 97
	lista_de_tipos : tipo .  (13)

	.  reduce 13


state 98
	struct : TYPEDEF STRUCT MENOR lista_de_tipos . MAYOR CORCHETE_L lista_de_identificadores CORCHETE_R IDENTIFICADOR_GENERICO  (9)
	lista_de_tipos : lista_de_tipos . COMA tipo  (12)

	MAYOR  shift 119
	COMA  shift 120
	.  error


state 99
	encabezado_funcion : tipo FUN IDENTIFICADOR_GENERICO PARENTESIS_L . parametro PARENTESIS_R  (24)

	SINGLE  shift 8
	ULONGINT  shift 9
	.  error

	tipo  goto 121
	parametro  goto 122


state 100
	lista_de_expresiones : lista_de_expresiones COMA . expresion  (60)

	IDENTIFICADOR_GENERICO  shift 51
	IDENTIFICADOR_ULONGINT  shift 5
	IDENTIFICADOR_SINGLE  shift 6
	CONSTANTE_DECIMAL  shift 52
	CONSTANTE_OCTAL  shift 53
	CONSTANTE_SINGLE  shift 54
	TOS  shift 55
	.  error

	identificador  goto 56
	identificador_simple  goto 22
	identificador_compuesto  goto 23
	expresion  goto 123
	expresion_aritmetica  goto 59
	termino  goto 60
	factor  goto 61
	invocacion_a_funcion  goto 62


state 101
	sentencia_retorno : RET PARENTESIS_L . expresion PARENTESIS_R PUNTO_Y_COMA  (29)

	IDENTIFICADOR_GENERICO  shift 51
	IDENTIFICADOR_ULONGINT  shift 5
	IDENTIFICADOR_SINGLE  shift 6
	CONSTANTE_DECIMAL  shift 52
	CONSTANTE_OCTAL  shift 53
	CONSTANTE_SINGLE  shift 54
	TOS  shift 55
	.  error

	identificador  goto 56
	identificador_simple  goto 22
	identificador_compuesto  goto 23
	expresion  goto 124
	expresion_aritmetica  goto 59
	termino  goto 60
	factor  goto 61
	invocacion_a_funcion  goto 62


state 102
	cuerpo_funcion : sentencias sentencia_retorno . sentencias  (26)
	cuerpo_funcion : sentencias sentencia_retorno .  (27)

	IDENTIFICADOR_GENERICO  shift 4
	IDENTIFICADOR_ULONGINT  shift 5
	IDENTIFICADOR_SINGLE  shift 6
	FOR  shift 7
	SINGLE  shift 8
	ULONGINT  shift 9
	IF  shift 10
	OUTF  shift 11
	TYPEDEF  shift 12
	END  reduce 27

	sentencias  goto 125
	sentencia  goto 14
	sentencia_declarativa  goto 15
	sentencia_ejecutable  goto 16
	tipo  goto 17
	lista_de_identificadores  goto 18
	funcion  goto 19
	struct  goto 20
	identificador  goto 21
	identificador_simple  goto 22
	identificador_compuesto  goto 23
	encabezado_funcion  goto 24
	sentencia_asignacion  goto 25
	sentencia_seleccion  goto 26
	sentencia_salida  goto 27
	sentencia_control  goto 28
	encabezado_for  goto 29


state 103
	funcion : encabezado_funcion BEGIN cuerpo_funcion END .  (23)

	.  reduce 23


state 104
	bloque_de_sent_ejecutables : BEGIN sentencias_ejecutables END . PUNTO_Y_COMA  (46)

	PUNTO_Y_COMA  shift 126
	.  error


state 105
	sentencias_ejecutables : sentencias_ejecutables sentencia_ejecutable .  (48)

	.  reduce 48


state 106
	asignacion_enteros : identificador ASIGNACION CONSTANTE_DECIMAL .  (54)

	.  reduce 54


state 107
	asignacion_enteros : identificador ASIGNACION CONSTANTE_OCTAL .  (55)

	.  reduce 55


state 108
	encabezado_for : FOR PARENTESIS_L asignacion_enteros PUNTO_Y_COMA condicion . PUNTO_Y_COMA accion PARENTESIS_R  (53)

	PUNTO_Y_COMA  shift 127
	.  error


state 109
	expresion_aritmetica : expresion . SUMA termino  (64)
	expresion_aritmetica : expresion . RESTA termino  (65)
	parametro_real : expresion .  (76)

	SUMA  shift 83
	RESTA  shift 84
	PARENTESIS_R  reduce 76


state 110
	invocacion_a_funcion : IDENTIFICADOR_GENERICO PARENTESIS_L parametro_real . PARENTESIS_R  (75)

	PARENTESIS_R  shift 128
	.  error


state 111
	expresion_aritmetica : expresion . SUMA termino  (64)
	expresion_aritmetica : expresion . RESTA termino  (65)

	SUMA  shift 83
	RESTA  shift 84
	.  error


state 112
	expresion : TOS PARENTESIS_L expresion_aritmetica . PARENTESIS_R  (62)
	expresion : expresion_aritmetica .  (63)

	PARENTESIS_R  shift 129
	SUMA  reduce 63
	RESTA  reduce 63


state 113
	expresion_aritmetica : expresion SUMA termino .  (64)
	termino : termino . MULTIPLICACION factor  (67)
	termino : termino . DIVISION factor  (68)

	MULTIPLICACION  shift 93
	DIVISION  shift 94
	SUMA  reduce 64
	RESTA  reduce 64
	MAYOR_O_IGUAL  reduce 64
	MENOR_O_IGUAL  reduce 64
	MAYOR  reduce 64
	MENOR  reduce 64
	IGUAL  reduce 64
	DESIGUAL  reduce 64
	PARENTESIS_R  reduce 64
	COMA  reduce 64
	PUNTO_Y_COMA  reduce 64


state 114
	expresion_aritmetica : expresion RESTA termino .  (65)
	termino : termino . MULTIPLICACION factor  (67)
	termino : termino . DIVISION factor  (68)

	MULTIPLICACION  shift 93
	DIVISION  shift 94
	SUMA  reduce 65
	RESTA  reduce 65
	MAYOR_O_IGUAL  reduce 65
	MENOR_O_IGUAL  reduce 65
	MAYOR  reduce 65
	MENOR  reduce 65
	IGUAL  reduce 65
	DESIGUAL  reduce 65
	PARENTESIS_R  reduce 65
	COMA  reduce 65
	PUNTO_Y_COMA  reduce 65


state 115
	condicion : expresion comparador expresion .  (39)
	expresion_aritmetica : expresion . SUMA termino  (64)
	expresion_aritmetica : expresion . RESTA termino  (65)

	SUMA  shift 83
	RESTA  shift 84
	PARENTESIS_R  reduce 39
	PUNTO_Y_COMA  reduce 39


state 116
	sentencia_seleccion : IF PARENTESIS_L condicion PARENTESIS_R THEN . cuerpo_if END_IF  (35)

	IDENTIFICADOR_GENERICO  shift 4
	IDENTIFICADOR_ULONGINT  shift 5
	IDENTIFICADOR_SINGLE  shift 6
	FOR  shift 7
	IF  shift 10
	BEGIN  shift 46
	OUTF  shift 11
	.  error

	sentencia_ejecutable  goto 47
	lista_de_identificadores  goto 18
	identificador  goto 21
	identificador_simple  goto 22
	identificador_compuesto  goto 23
	sentencia_asignacion  goto 25
	sentencia_seleccion  goto 26
	sentencia_salida  goto 27
	sentencia_control  goto 28
	cuerpo_if  goto 130
	bloque_de_sent_ejecutables  goto 131
	encabezado_for  goto 29


state 117
	termino : termino MULTIPLICACION factor .  (67)

	.  reduce 67


state 118
	termino : termino DIVISION factor .  (68)

	.  reduce 68


state 119
	struct : TYPEDEF STRUCT MENOR lista_de_tipos MAYOR . CORCHETE_L lista_de_identificadores CORCHETE_R IDENTIFICADOR_GENERICO  (9)

	CORCHETE_L  shift 132
	.  error


state 120
	lista_de_tipos : lista_de_tipos COMA . tipo  (12)

	SINGLE  shift 8
	ULONGINT  shift 9
	.  error

	tipo  goto 133


state 121
	parametro : tipo . identificador  (25)

	IDENTIFICADOR_GENERICO  shift 4
	IDENTIFICADOR_ULONGINT  shift 5
	IDENTIFICADOR_SINGLE  shift 6
	.  error

	identificador  goto 134
	identificador_simple  goto 22
	identificador_compuesto  goto 23


state 122
	encabezado_funcion : tipo FUN IDENTIFICADOR_GENERICO PARENTESIS_L parametro . PARENTESIS_R  (24)

	PARENTESIS_R  shift 135
	.  error


state 123
	lista_de_expresiones : lista_de_expresiones COMA expresion .  (60)
	expresion_aritmetica : expresion . SUMA termino  (64)
	expresion_aritmetica : expresion . RESTA termino  (65)

	SUMA  shift 83
	RESTA  shift 84
	COMA  reduce 60
	PUNTO_Y_COMA  reduce 60


state 124
	sentencia_retorno : RET PARENTESIS_L expresion . PARENTESIS_R PUNTO_Y_COMA  (29)
	expresion_aritmetica : expresion . SUMA termino  (64)
	expresion_aritmetica : expresion . RESTA termino  (65)

	SUMA  shift 83
	RESTA  shift 84
	PARENTESIS_R  shift 136
	.  error


state 125
	sentencias : sentencias . sentencia  (2)
	cuerpo_funcion : sentencias sentencia_retorno sentencias .  (26)

	IDENTIFICADOR_GENERICO  shift 4
	IDENTIFICADOR_ULONGINT  shift 5
	IDENTIFICADOR_SINGLE  shift 6
	FOR  shift 7
	SINGLE  shift 8
	ULONGINT  shift 9
	IF  shift 10
	OUTF  shift 11
	TYPEDEF  shift 12
	END  reduce 26

	sentencia  goto 35
	sentencia_declarativa  goto 15
	sentencia_ejecutable  goto 16
	tipo  goto 17
	lista_de_identificadores  goto 18
	funcion  goto 19
	struct  goto 20
	identificador  goto 21
	identificador_simple  goto 22
	identificador_compuesto  goto 23
	encabezado_funcion  goto 24
	sentencia_asignacion  goto 25
	sentencia_seleccion  goto 26
	sentencia_salida  goto 27
	sentencia_control  goto 28
	encabezado_for  goto 29


state 126
	bloque_de_sent_ejecutables : BEGIN sentencias_ejecutables END PUNTO_Y_COMA .  (46)

	.  reduce 46


state 127
	encabezado_for : FOR PARENTESIS_L asignacion_enteros PUNTO_Y_COMA condicion PUNTO_Y_COMA . accion PARENTESIS_R  (53)

	UP  shift 137
	DOWN  shift 138
	.  error

	accion  goto 139


state 128
	invocacion_a_funcion : IDENTIFICADOR_GENERICO PARENTESIS_L parametro_real PARENTESIS_R .  (75)

	.  reduce 75


state 129
	expresion : TOS PARENTESIS_L expresion_aritmetica PARENTESIS_R .  (62)

	.  reduce 62


state 130
	sentencia_seleccion : IF PARENTESIS_L condicion PARENTESIS_R THEN cuerpo_if . END_IF  (35)

	END_IF  shift 140
	.  error


state 131
	cuerpo_if : bloque_de_sent_ejecutables . bloque_else  (36)
	cuerpo_if : bloque_de_sent_ejecutables .  (37)

	ELSE  shift 141
	END_IF  reduce 37

	bloque_else  goto 142


state 132
	struct : TYPEDEF STRUCT MENOR lista_de_tipos MAYOR CORCHETE_L . lista_de_identificadores CORCHETE_R IDENTIFICADOR_GENERICO  (9)

	IDENTIFICADOR_GENERICO  shift 4
	IDENTIFICADOR_ULONGINT  shift 5
	IDENTIFICADOR_SINGLE  shift 6
	.  error

	lista_de_identificadores  goto 143
	identificador  goto 21
	identificador_simple  goto 22
	identificador_compuesto  goto 23


state 133
	lista_de_tipos : lista_de_tipos COMA tipo .  (12)

	.  reduce 12


state 134
	parametro : tipo identificador .  (25)

	.  reduce 25


state 135
	encabezado_funcion : tipo FUN IDENTIFICADOR_GENERICO PARENTESIS_L parametro PARENTESIS_R .  (24)

	.  reduce 24


state 136
	sentencia_retorno : RET PARENTESIS_L expresion PARENTESIS_R . PUNTO_Y_COMA  (29)

	PUNTO_Y_COMA  shift 144
	.  error


state 137
	accion : UP . CONSTANTE_DECIMAL  (56)
	accion : UP . CONSTANTE_OCTAL  (57)

	CONSTANTE_DECIMAL  shift 145
	CONSTANTE_OCTAL  shift 146
	.  error


state 138
	accion : DOWN . CONSTANTE_OCTAL  (58)
	accion : DOWN . CONSTANTE_DECIMAL  (59)

	CONSTANTE_DECIMAL  shift 147
	CONSTANTE_OCTAL  shift 148
	.  error


state 139
	encabezado_for : FOR PARENTESIS_L asignacion_enteros PUNTO_Y_COMA condicion PUNTO_Y_COMA accion . PARENTESIS_R  (53)

	PARENTESIS_R  shift 149
	.  error


state 140
	sentencia_seleccion : IF PARENTESIS_L condicion PARENTESIS_R THEN cuerpo_if END_IF .  (35)

	.  reduce 35


state 141
	bloque_else : ELSE . bloque_de_sent_ejecutables  (38)

	IDENTIFICADOR_GENERICO  shift 4
	IDENTIFICADOR_ULONGINT  shift 5
	IDENTIFICADOR_SINGLE  shift 6
	FOR  shift 7
	IF  shift 10
	BEGIN  shift 46
	OUTF  shift 11
	.  error

	sentencia_ejecutable  goto 47
	lista_de_identificadores  goto 18
	identificador  goto 21
	identificador_simple  goto 22
	identificador_compuesto  goto 23
	sentencia_asignacion  goto 25
	sentencia_seleccion  goto 26
	sentencia_salida  goto 27
	sentencia_control  goto 28
	bloque_de_sent_ejecutables  goto 150
	encabezado_for  goto 29


state 142
	cuerpo_if : bloque_de_sent_ejecutables bloque_else .  (36)

	.  reduce 36


state 143
	struct : TYPEDEF STRUCT MENOR lista_de_tipos MAYOR CORCHETE_L lista_de_identificadores . CORCHETE_R IDENTIFICADOR_GENERICO  (9)
	lista_de_identificadores : lista_de_identificadores . COMA identificador  (14)

	CORCHETE_R  shift 151
	COMA  shift 39
	.  error


state 144
	sentencia_retorno : RET PARENTESIS_L expresion PARENTESIS_R PUNTO_Y_COMA .  (29)

	.  reduce 29


state 145
	accion : UP CONSTANTE_DECIMAL .  (56)

	.  reduce 56


state 146
	accion : UP CONSTANTE_OCTAL .  (57)

	.  reduce 57


state 147
	accion : DOWN CONSTANTE_DECIMAL .  (59)

	.  reduce 59


state 148
	accion : DOWN CONSTANTE_OCTAL .  (58)

	.  reduce 58


state 149
	encabezado_for : FOR PARENTESIS_L asignacion_enteros PUNTO_Y_COMA condicion PUNTO_Y_COMA accion PARENTESIS_R .  (53)

	.  reduce 53


state 150
	bloque_else : ELSE bloque_de_sent_ejecutables .  (38)

	.  reduce 38


state 151
	struct : TYPEDEF STRUCT MENOR lista_de_tipos MAYOR CORCHETE_L lista_de_identificadores CORCHETE_R . IDENTIFICADOR_GENERICO  (9)

	IDENTIFICADOR_GENERICO  shift 152
	.  error


state 152
	struct : TYPEDEF STRUCT MENOR lista_de_tipos MAYOR CORCHETE_L lista_de_identificadores CORCHETE_R IDENTIFICADOR_GENERICO .  (9)

	.  reduce 9


45 terminals, 38 nonterminals
77 grammar rules, 153 states
